SF:lib/domain/usecases/get_popular_movies.dart
DA:8,1
DA:10,1
DA:11,2
LF:3
LH:3
end_of_record
SF:lib/presentation/bloc/popular_movie_state.dart
DA:4,2
DA:6,1
DA:7,1
DA:17,2
DA:19,1
DA:20,2
DA:26,2
DA:28,1
DA:29,2
LF:9
LH:9
end_of_record
SF:lib/presentation/bloc/popular_movie_event.dart
DA:4,2
DA:6,0
DA:7,0
LF:3
LH:1
end_of_record
SF:lib/presentation/bloc/popular_movie_bloc.dart
DA:11,3
DA:12,2
DA:13,2
DA:14,2
DA:15,1
DA:16,4
DA:17,1
DA:18,2
DA:19,1
DA:20,2
LF:10
LH:10
end_of_record
SF:lib/presentation/pages/popular_movies_page.dart
DA:11,1
DA:12,1
DA:16,1
DA:18,1
DA:19,2
DA:20,2
DA:21,2
DA:24,1
DA:26,1
DA:27,1
DA:28,1
DA:30,1
DA:32,1
DA:33,1
DA:34,1
DA:35,1
DA:36,1
DA:38,1
DA:39,1
DA:40,1
DA:41,2
DA:42,1
DA:44,2
DA:46,1
DA:47,1
DA:48,2
DA:50,1
DA:51,1
DA:52,1
DA:53,2
DA:56,0
LF:31
LH:30
end_of_record
SF:lib/domain/usecases/get_movie_detail.dart
DA:7,1
DA:9,1
DA:10,2
LF:3
LH:3
end_of_record
SF:lib/domain/usecases/get_movie_recommendations.dart
DA:8,1
DA:10,1
DA:11,2
LF:3
LH:3
end_of_record
SF:lib/domain/usecases/get_top_rated_movies.dart
DA:8,1
DA:10,1
DA:11,2
LF:3
LH:3
end_of_record
SF:lib/presentation/bloc/movie_detail_event.dart
DA:4,2
DA:6,0
DA:7,0
DA:13,2
DA:15,0
DA:16,0
DA:22,2
DA:24,0
DA:25,0
DA:31,1
DA:33,0
DA:34,0
DA:40,2
DA:42,0
DA:43,0
LF:15
LH:5
end_of_record
SF:lib/presentation/bloc/movie_detail_state.dart
DA:12,2
DA:22,2
DA:31,2
DA:32,2
DA:33,2
DA:34,1
DA:36,2
DA:37,2
DA:38,2
DA:39,2
DA:43,2
DA:44,2
DA:46,2
DA:55,1
DA:56,1
DA:57,1
DA:58,1
DA:59,1
DA:60,1
DA:61,1
DA:62,1
DA:63,1
LF:22
LH:22
end_of_record
SF:lib/presentation/bloc/movie_detail_bloc.dart
DA:25,1
DA:31,2
DA:32,2
DA:33,3
DA:34,3
DA:36,3
DA:38,1
DA:39,1
DA:40,3
DA:41,1
DA:43,1
DA:44,3
DA:50,1
DA:51,1
DA:52,3
DA:54,1
DA:56,1
DA:57,3
DA:67,2
DA:68,3
DA:70,2
DA:71,4
DA:72,1
DA:73,3
DA:76,4
DA:78,2
DA:79,3
DA:81,2
DA:82,4
DA:83,1
DA:84,3
DA:87,4
DA:89,2
DA:90,3
DA:91,3
LF:35
LH:35
end_of_record
SF:lib/presentation/bloc/top_rated_state.dart
DA:4,2
DA:6,1
DA:7,1
DA:17,2
DA:19,1
DA:20,2
DA:26,2
DA:28,1
DA:29,2
LF:9
LH:9
end_of_record
SF:lib/presentation/bloc/top_rated_event.dart
DA:4,2
DA:6,0
DA:7,0
LF:3
LH:1
end_of_record
SF:lib/presentation/bloc/top_rated_bloc.dart
DA:11,3
DA:12,2
DA:13,2
DA:14,2
DA:15,1
DA:16,4
DA:17,1
DA:18,2
DA:19,1
DA:20,2
LF:10
LH:10
end_of_record
SF:lib/presentation/pages/movie_detail_page.dart
DA:16,1
DA:18,1
DA:19,1
DA:23,1
DA:25,1
DA:26,2
DA:27,2
DA:28,4
DA:29,2
DA:30,4
DA:34,1
DA:36,1
DA:37,1
DA:38,1
DA:39,2
DA:41,2
DA:43,3
DA:44,2
DA:47,1
DA:49,1
DA:50,1
DA:51,2
DA:56,1
DA:57,3
DA:58,2
DA:59,1
DA:60,2
DA:61,1
DA:62,1
DA:64,2
DA:65,1
DA:66,1
DA:67,1
DA:69,1
DA:70,1
DA:73,2
DA:74,4
DA:76,1
DA:89,1
DA:91,1
DA:93,3
DA:94,1
DA:95,1
DA:96,1
DA:97,3
DA:99,2
DA:100,1
DA:102,0
DA:104,1
DA:106,1
DA:107,1
DA:108,1
DA:109,1
DA:111,2
DA:118,1
DA:119,1
DA:120,1
DA:122,1
DA:124,1
DA:126,1
DA:127,1
DA:128,2
DA:129,1
DA:131,1
DA:132,1
DA:167,1
DA:168,1
DA:170,3
DA:172,0
DA:174,0
DA:177,1
DA:179,1
DA:180,1
DA:181,1
DA:182,1
DA:183,1
DA:187,1
DA:188,3
DA:190,1
DA:191,3
DA:193,1
DA:194,1
DA:195,1
DA:196,3
DA:198,2
DA:204,4
DA:207,1
DA:208,1
DA:210,1
DA:212,1
DA:213,2
DA:215,1
DA:216,1
DA:218,1
DA:220,1
DA:221,1
DA:222,2
DA:224,1
DA:225,1
DA:227,2
DA:229,0
DA:230,2
DA:232,1
DA:234,1
DA:236,1
DA:237,2
DA:238,1
DA:240,1
DA:241,0
DA:242,0
DA:245,0
DA:248,1
DA:249,1
DA:250,1
DA:252,1
DA:254,2
DA:255,1
DA:256,1
DA:258,1
DA:261,0
DA:262,0
DA:268,2
DA:272,0
DA:280,1
DA:282,1
DA:297,1
DA:299,1
DA:302,1
DA:303,1
DA:304,0
DA:305,0
DA:593,1
DA:595,2
DA:596,3
DA:599,1
DA:603,3
DA:606,1
DA:607,1
DA:608,1
DA:610,1
DA:611,1
DA:613,0
LF:142
LH:129
end_of_record
SF:lib/presentation/pages/top_rated_movies_page.dart
DA:11,1
DA:12,1
DA:16,1
DA:18,1
DA:19,2
DA:20,2
DA:21,2
DA:24,1
DA:26,1
DA:27,1
DA:28,1
DA:30,1
DA:32,1
DA:33,1
DA:34,1
DA:35,1
DA:36,1
DA:38,1
DA:39,1
DA:40,1
DA:41,2
DA:42,1
DA:44,2
DA:46,1
DA:47,1
DA:48,2
DA:50,1
DA:51,1
DA:52,1
DA:53,3
DA:56,0
LF:31
LH:30
end_of_record
SF:lib/domain/usecases/get_now_playing_movies.dart
DA:8,1
DA:10,1
DA:11,2
LF:3
LH:3
end_of_record
SF:lib/presentation/bloc/movie_list_state.dart
DA:4,1
DA:6,1
DA:7,1
DA:17,1
DA:19,1
DA:20,2
DA:26,1
DA:28,1
DA:29,2
LF:9
LH:9
end_of_record
SF:lib/presentation/bloc/movie_list_bloc.dart
DA:15,3
DA:16,2
DA:17,2
DA:18,2
DA:19,1
DA:20,4
DA:21,3
DA:29,3
DA:30,2
DA:31,2
DA:32,2
DA:33,1
DA:34,1
DA:35,2
DA:36,3
DA:38,3
DA:46,3
DA:47,2
DA:48,2
DA:49,2
DA:50,1
DA:51,4
DA:52,3
LF:23
LH:23
end_of_record
SF:lib/presentation/bloc/movie_list_event.dart
DA:4,1
DA:6,0
DA:7,0
LF:3
LH:1
end_of_record
