SF:lib/domain/usecases/get_popular_movies.dart
DA:8,1
DA:10,1
DA:11,2
LF:3
LH:3
end_of_record
SF:lib/domain/usecases/get_movie_detail.dart
DA:7,1
DA:9,1
DA:10,2
LF:3
LH:3
end_of_record
SF:lib/domain/usecases/get_movie_recommendations.dart
DA:8,1
DA:10,1
DA:11,2
LF:3
LH:3
end_of_record
SF:lib/domain/usecases/get_top_rated_movies.dart
DA:8,1
DA:10,1
DA:11,2
LF:3
LH:3
end_of_record
SF:lib/presentation/bloc/movie_detail_event.dart
DA:4,2
DA:6,0
DA:7,0
DA:13,2
DA:15,0
DA:16,0
DA:22,2
DA:24,0
DA:25,0
DA:31,1
DA:33,0
DA:34,0
DA:40,2
DA:42,0
DA:43,0
LF:15
LH:5
end_of_record
SF:lib/presentation/bloc/movie_detail_state.dart
DA:12,2
DA:22,2
DA:31,2
DA:32,2
DA:33,2
DA:34,1
DA:36,2
DA:37,2
DA:38,2
DA:39,2
DA:43,2
DA:44,2
DA:46,2
DA:55,1
DA:56,1
DA:57,1
DA:58,1
DA:59,1
DA:60,1
DA:61,1
DA:62,1
DA:63,1
LF:22
LH:22
end_of_record
SF:lib/presentation/bloc/movie_detail_bloc.dart
DA:25,1
DA:31,2
DA:32,2
DA:33,3
DA:34,3
DA:36,3
DA:38,1
DA:39,1
DA:40,3
DA:41,1
DA:43,1
DA:44,3
DA:50,1
DA:51,1
DA:52,3
DA:54,1
DA:56,1
DA:57,3
DA:67,2
DA:68,3
DA:70,2
DA:71,4
DA:72,1
DA:73,3
DA:76,4
DA:78,2
DA:79,3
DA:81,2
DA:82,4
DA:83,1
DA:84,3
DA:87,4
DA:89,2
DA:90,3
DA:91,3
LF:35
LH:35
end_of_record
SF:lib/presentation/pages/movie_detail_page.dart
DA:16,1
DA:18,1
DA:19,1
DA:23,1
DA:25,1
DA:26,2
DA:27,2
DA:28,4
DA:29,2
DA:30,4
DA:34,1
DA:36,1
DA:37,1
DA:38,1
DA:39,2
DA:41,2
DA:43,3
DA:44,2
DA:47,1
DA:49,1
DA:50,1
DA:51,2
DA:56,1
DA:57,3
DA:58,2
DA:59,1
DA:60,2
DA:64,2
DA:65,1
DA:66,1
DA:67,1
DA:69,1
DA:70,1
DA:73,2
DA:74,4
DA:76,1
DA:89,1
DA:91,1
DA:93,3
DA:94,1
DA:95,1
DA:96,1
DA:97,3
DA:99,1
DA:102,0
DA:104,1
DA:106,1
DA:107,1
DA:108,1
DA:118,1
DA:119,1
DA:120,1
DA:122,1
DA:124,1
DA:126,1
DA:127,1
DA:128,2
DA:129,1
DA:131,1
DA:132,1
DA:133,1
DA:134,1
DA:136,3
DA:138,0
DA:140,0
DA:143,1
DA:145,1
DA:146,1
DA:153,1
DA:154,3
DA:156,1
DA:157,3
DA:159,1
DA:160,1
DA:161,1
DA:162,3
DA:164,1
DA:170,4
DA:174,1
DA:176,1
DA:178,1
DA:179,2
DA:182,1
DA:184,1
DA:186,1
DA:187,1
DA:188,2
DA:193,2
DA:195,0
DA:196,2
DA:198,1
DA:200,1
DA:202,1
DA:203,2
DA:204,1
DA:206,1
DA:207,0
DA:208,0
DA:211,0
DA:214,1
DA:219,1
DA:221,2
DA:222,1
DA:228,0
DA:235,2
DA:239,0
DA:247,1
DA:249,1
DA:264,1
DA:266,1
DA:269,1
DA:271,0
DA:272,0
DA:281,1
DA:283,2
DA:284,3
DA:287,1
DA:291,3
DA:294,1
DA:295,1
DA:296,1
DA:298,1
DA:299,1
DA:301,0
LF:124
LH:112
end_of_record
SF:lib/domain/usecases/get_now_playing_movies.dart
DA:8,1
DA:10,1
DA:11,2
LF:3
LH:3
end_of_record
SF:lib/presentation/bloc/top_rated_state.dart
DA:4,2
DA:6,1
DA:7,1
DA:17,2
DA:19,1
DA:20,2
DA:26,2
DA:28,1
DA:29,2
LF:9
LH:9
end_of_record
SF:lib/presentation/bloc/top_rated_event.dart
DA:4,3
DA:6,0
DA:7,0
LF:3
LH:1
end_of_record
SF:lib/presentation/bloc/top_rated_bloc.dart
DA:11,3
DA:12,2
DA:13,2
DA:14,2
DA:15,1
DA:16,4
DA:17,1
DA:18,2
DA:19,1
DA:20,2
LF:10
LH:10
end_of_record
SF:lib/presentation/pages/top_rated_movies_page.dart
DA:11,1
DA:12,1
DA:16,1
DA:18,1
DA:19,2
DA:20,2
DA:21,1
DA:24,1
DA:26,1
DA:27,1
DA:30,1
DA:32,1
DA:33,1
DA:34,1
DA:38,1
DA:39,1
DA:40,1
DA:41,2
DA:42,1
DA:44,2
DA:46,1
DA:47,1
DA:48,2
DA:50,1
DA:51,1
DA:53,3
DA:56,0
LF:27
LH:26
end_of_record
SF:lib/presentation/bloc/popular_movie_state.dart
DA:4,2
DA:6,1
DA:7,1
DA:17,2
DA:19,1
DA:20,2
DA:26,2
DA:28,1
DA:29,2
LF:9
LH:9
end_of_record
SF:lib/presentation/bloc/popular_movie_event.dart
DA:4,3
DA:6,0
DA:7,0
LF:3
LH:1
end_of_record
SF:lib/presentation/bloc/popular_movie_bloc.dart
DA:11,3
DA:12,2
DA:13,2
DA:14,2
DA:15,1
DA:16,4
DA:17,1
DA:18,2
DA:19,1
DA:20,2
LF:10
LH:10
end_of_record
SF:lib/presentation/pages/popular_movies_page.dart
DA:11,1
DA:12,1
DA:16,1
DA:18,1
DA:19,2
DA:20,2
DA:21,1
DA:24,1
DA:26,1
DA:27,1
DA:30,1
DA:32,1
DA:33,1
DA:34,1
DA:38,1
DA:39,1
DA:40,1
DA:41,2
DA:42,1
DA:44,2
DA:46,1
DA:47,1
DA:48,2
DA:50,1
DA:51,1
DA:53,2
DA:56,0
LF:27
LH:26
end_of_record
SF:lib/presentation/bloc/movie_list_state.dart
DA:4,1
DA:6,1
DA:7,1
DA:17,1
DA:19,1
DA:20,2
DA:26,1
DA:28,1
DA:29,2
LF:9
LH:9
end_of_record
SF:lib/presentation/bloc/movie_list_bloc.dart
DA:15,3
DA:16,2
DA:17,2
DA:18,2
DA:19,1
DA:20,4
DA:21,3
DA:29,3
DA:30,2
DA:31,2
DA:32,2
DA:33,1
DA:34,1
DA:35,2
DA:36,3
DA:38,3
DA:46,3
DA:47,2
DA:48,2
DA:49,2
DA:50,1
DA:51,4
DA:52,3
LF:23
LH:23
end_of_record
SF:lib/presentation/bloc/movie_list_event.dart
DA:4,1
DA:6,0
DA:7,0
LF:3
LH:1
end_of_record
