SF:lib/domain/usecases/search_series.dart
DA:8,1
DA:10,1
DA:11,2
LF:3
LH:3
end_of_record
SF:lib/domain/usecases/search_movies.dart
DA:8,1
DA:10,1
DA:11,2
LF:3
LH:3
end_of_record
SF:lib/presentation/bloc/search_state.dart
DA:4,1
DA:6,1
DA:7,1
DA:13,1
DA:15,1
DA:16,2
DA:24,1
DA:26,1
DA:27,2
DA:33,1
DA:35,1
DA:36,2
LF:12
LH:12
end_of_record
SF:lib/presentation/bloc/search_event.dart
DA:4,1
DA:6,0
DA:7,0
DA:13,1
DA:15,0
DA:16,0
LF:6
LH:2
end_of_record
SF:lib/presentation/bloc/search_bloc.dart
DA:17,3
DA:18,2
DA:19,1
DA:20,2
DA:21,2
DA:22,5
DA:23,1
DA:24,2
DA:25,1
DA:26,2
DA:29,1
DA:35,3
DA:36,2
DA:37,1
DA:38,2
DA:39,2
DA:40,5
DA:41,1
DA:42,2
DA:43,1
DA:44,2
DA:47,1
DA:51,1
DA:52,3
LF:24
LH:24
end_of_record
