SF:lib/domain/usecases/get_top_rated_series.dart
DA:8,1
DA:10,1
DA:11,2
LF:3
LH:3
end_of_record
SF:lib/domain/usecases/get_series_detail.dart
DA:8,1
DA:10,1
DA:11,2
LF:3
LH:3
end_of_record
SF:lib/domain/usecases/get_series_recommendations.dart
DA:8,1
DA:10,1
DA:11,2
LF:3
LH:3
end_of_record
SF:lib/presentation/bloc/series_detail_state.dart
DA:12,2
DA:22,2
DA:31,2
DA:32,2
DA:33,2
DA:34,1
DA:35,2
DA:36,2
DA:37,2
DA:38,2
DA:42,2
DA:43,2
DA:45,2
DA:54,1
DA:55,1
DA:56,1
DA:57,1
DA:58,1
DA:59,1
DA:60,1
DA:61,1
DA:62,1
LF:22
LH:22
end_of_record
SF:lib/presentation/bloc/series_detail_bloc.dart
DA:23,1
DA:29,2
DA:30,2
DA:31,3
DA:32,3
DA:34,3
DA:36,1
DA:37,1
DA:38,3
DA:40,1
DA:42,1
DA:43,3
DA:49,1
DA:50,1
DA:51,3
DA:52,1
DA:54,1
DA:55,3
DA:65,2
DA:66,3
DA:68,2
DA:69,4
DA:70,1
DA:71,3
DA:74,4
DA:76,2
DA:78,3
DA:80,2
DA:81,4
DA:82,1
DA:83,3
DA:86,4
DA:88,2
DA:89,3
DA:90,3
LF:35
LH:35
end_of_record
SF:lib/presentation/bloc/series_detail_event.dart
DA:4,2
DA:6,0
DA:7,0
DA:13,2
DA:15,0
DA:16,0
DA:22,2
DA:24,0
DA:25,0
DA:31,1
DA:33,0
DA:34,0
DA:40,2
DA:42,0
DA:43,0
LF:15
LH:5
end_of_record
SF:lib/presentation/pages/series_detail_page.dart
DA:19,1
DA:21,1
DA:22,1
DA:26,1
DA:28,1
DA:29,2
DA:30,2
DA:31,4
DA:32,2
DA:33,4
DA:37,1
DA:39,1
DA:40,1
DA:41,1
DA:42,2
DA:44,2
DA:46,3
DA:47,2
DA:50,1
DA:52,1
DA:53,1
DA:54,2
DA:59,1
DA:60,3
DA:61,2
DA:62,1
DA:63,2
DA:67,2
DA:68,1
DA:69,1
DA:70,1
DA:72,1
DA:73,1
DA:76,2
DA:77,4
DA:79,1
DA:92,1
DA:94,1
DA:96,4
DA:97,3
DA:98,1
DA:99,1
DA:100,1
DA:101,3
DA:103,1
DA:106,0
DA:108,1
DA:110,1
DA:111,1
DA:112,1
DA:122,1
DA:123,1
DA:124,1
DA:126,1
DA:128,1
DA:130,1
DA:131,1
DA:132,2
DA:133,1
DA:135,1
DA:136,1
DA:137,1
DA:138,1
DA:140,3
DA:142,0
DA:144,0
DA:147,1
DA:149,1
DA:150,1
DA:157,1
DA:158,1
DA:159,1
DA:160,2
DA:162,1
DA:168,4
DA:172,1
DA:173,3
DA:176,1
DA:178,1
DA:180,1
DA:181,2
DA:184,1
DA:186,1
DA:188,1
DA:189,1
DA:190,2
DA:195,2
DA:197,0
DA:198,2
DA:200,1
DA:202,1
DA:204,1
DA:205,2
DA:206,1
DA:208,1
DA:209,0
DA:210,0
DA:213,0
DA:216,1
DA:221,1
DA:223,2
DA:224,1
DA:230,0
DA:237,2
DA:241,0
DA:249,1
DA:251,1
DA:266,1
DA:268,1
DA:271,1
DA:273,0
DA:274,0
DA:283,1
DA:285,2
DA:286,3
DA:289,1
DA:293,3
DA:296,0
DA:297,0
DA:298,0
DA:300,0
DA:301,0
DA:303,0
LF:123
LH:106
end_of_record
SF:lib/domain/usecases/get_now_playing_series.dart
DA:8,1
DA:10,1
DA:11,2
LF:3
LH:3
end_of_record
SF:lib/domain/usecases/get_popular_series.dart
DA:8,1
DA:10,1
DA:11,2
LF:3
LH:3
end_of_record
SF:lib/presentation/bloc/top_rated_series_bloc.dart
DA:12,3
DA:13,2
DA:15,2
DA:16,2
DA:17,1
DA:18,4
DA:19,1
DA:20,2
DA:21,1
DA:22,2
LF:10
LH:10
end_of_record
SF:lib/presentation/bloc/top_rated_series_state.dart
DA:4,2
DA:6,1
DA:7,1
DA:17,2
DA:19,1
DA:20,2
DA:26,2
DA:28,1
DA:29,2
LF:9
LH:9
end_of_record
SF:lib/presentation/bloc/top_rated_series_event.dart
DA:4,3
DA:6,0
DA:7,0
LF:3
LH:1
end_of_record
SF:lib/presentation/pages/top_rated_series_page.dart
DA:10,1
DA:11,1
DA:15,1
DA:17,1
DA:18,2
DA:19,2
DA:20,1
DA:23,1
DA:25,1
DA:26,1
DA:28,1
DA:29,1
DA:30,1
DA:34,1
DA:35,1
DA:36,1
DA:37,2
DA:38,1
DA:40,2
DA:42,1
DA:43,1
DA:44,2
DA:46,1
DA:47,1
DA:49,3
DA:52,0
LF:26
LH:25
end_of_record
SF:lib/presentation/bloc/popular_series_state.dart
DA:4,2
DA:6,1
DA:7,1
DA:17,2
DA:19,1
DA:20,2
DA:26,2
DA:28,1
DA:29,2
LF:9
LH:9
end_of_record
SF:lib/presentation/bloc/popular_series_bloc.dart
DA:11,3
DA:12,2
DA:13,2
DA:14,2
DA:15,1
DA:16,4
DA:17,1
DA:18,2
DA:19,1
DA:20,2
LF:10
LH:10
end_of_record
SF:lib/presentation/bloc/popular_series_event.dart
DA:4,2
DA:6,0
DA:7,0
LF:3
LH:1
end_of_record
SF:lib/presentation/pages/popular_series_page.dart
DA:14,1
DA:15,1
DA:19,1
DA:21,1
DA:22,2
DA:23,2
DA:24,2
DA:27,1
DA:29,1
DA:30,1
DA:31,1
DA:33,1
DA:35,1
DA:36,1
DA:37,1
DA:38,1
DA:39,1
DA:41,1
DA:42,1
DA:43,1
DA:44,2
DA:45,1
DA:47,2
DA:49,1
DA:50,1
DA:51,2
DA:53,1
DA:54,1
DA:55,1
DA:56,2
DA:59,0
LF:31
LH:30
end_of_record
SF:lib/presentation/bloc/series_list_bloc.dart
DA:13,3
DA:14,2
DA:16,2
DA:17,2
DA:18,1
DA:19,4
DA:20,3
DA:28,3
DA:29,2
DA:30,2
DA:31,2
DA:32,1
DA:33,4
DA:34,3
DA:42,3
DA:43,2
DA:44,2
DA:45,2
DA:46,1
DA:47,4
DA:48,3
LF:21
LH:21
end_of_record
SF:lib/presentation/bloc/series_list_state.dart
DA:4,1
DA:6,1
DA:7,1
DA:17,1
DA:19,1
DA:20,2
DA:26,1
DA:28,1
DA:29,2
LF:9
LH:9
end_of_record
SF:lib/presentation/bloc/series_list_event.dart
DA:4,1
DA:6,0
DA:7,0
LF:3
LH:1
end_of_record
